<?xml version="1.0" encoding="UTF-8" ?>

<testsuite failures="0" time="0.04" errors="0" skipped="0" tests="1" name="pruebaDocente">
  <testcase classname="pruebaDocente" name="crear" time="0.04">
      </testcase>
</testsuite>
