<?xml version="1.0" encoding="UTF-8" ?>

<testsuite failures="0" time="0.009" errors="0" skipped="0" tests="1" name="pruebaUsuario">
  <testcase classname="pruebaUsuario" name="crear" time="0.009">
      </testcase>
</testsuite>
